03-08-2022 - 19:31:41 - ('./log/test2', 'created')
03-08-2022 - 19:31:41 - ('./log', 'modified')
03-08-2022 - 19:31:41 - ('./log/test2', 'modified')
03-08-2022 - 19:31:41 - ('./log', 'modified')
03-08-2022 - 19:32:04 - ('./log', 'modified')
03-08-2022 - 19:32:19 - ('./log/test', 'created')
03-08-2022 - 19:32:19 - ('./log', 'modified')
03-08-2022 - 19:34:17 - ('./log/Iron Dome.pdf', 'created')
03-08-2022 - 19:34:17 - ('./log', 'modified')
03-08-2022 - 19:34:17 - ('./log/Iron Dome.pdf', 'modified')
03-08-2022 - 19:34:17 - ('./log', 'modified')
03-08-2022 - 19:34:17 - ('./log/Iron Dome.pdf', 'modified')
03-08-2022 - 19:34:31 - ('./log/Empty File', 'created')
03-08-2022 - 19:34:31 - ('./log', 'modified')
03-08-2022 - 19:34:31 - ('./log', 'modified')
03-08-2022 - 19:34:31 - ('./log/Empty File', 'modified')
03-08-2022 - 19:34:33 - ('./log/Empty Desktop File.desktop', 'created')
03-08-2022 - 19:34:33 - ('./log', 'modified')
03-08-2022 - 19:34:33 - ('./log/Empty Desktop File.desktop', 'modified')
03-08-2022 - 19:34:33 - ('./log', 'modified')
03-08-2022 - 19:34:33 - ('./log/Empty Desktop File.desktop', 'modified')
03-08-2022 - 19:34:35 - ('./log/Empty Bash', 'created')
03-08-2022 - 19:34:35 - ('./log', 'modified')
03-08-2022 - 19:34:35 - ('./log/Empty Bash', 'modified')
03-08-2022 - 19:34:35 - ('./log', 'modified')
03-08-2022 - 19:34:35 - ('./log/Empty Bash', 'modified')
03-08-2022 - 19:35:40 - ('./log', 'modified')
03-08-2022 - 19:35:44 - ('./log', 'modified')
03-08-2022 - 19:39:39 - ('./log/Empty Bash 2', 'created')
03-08-2022 - 19:39:39 - ('./log', 'modified')
03-08-2022 - 19:39:39 - ('./log/Empty Bash 2', 'modified')
03-08-2022 - 19:39:39 - ('./log', 'modified')
03-08-2022 - 19:39:39 - ('./log/Empty Bash 2', 'modified')
03-08-2022 - 19:39:53 - ('./log', 'modified')
